{"level":"info","message":{"body":{},"method":"OPTIONS","url":"/api/products?page=1&perPage=10"},"timestamp":"2025-02-14T03:03:42.957Z"}
{"level":"info","message":{"body":{},"method":"OPTIONS","url":"/api/products?page=1&perPage=10"},"timestamp":"2025-02-14T03:03:42.970Z"}
{"level":"info","message":{"body":{},"method":"GET","url":"/api/products?page=1&perPage=10"},"timestamp":"2025-02-14T03:03:42.991Z"}
{"level":"info","message":{"body":{},"method":"GET","url":"/api/products?page=1&perPage=10"},"timestamp":"2025-02-14T03:03:44.014Z"}
{"level":"info","message":{"body":{},"method":"OPTIONS","url":"/api/orders?page=1&perPage=10"},"timestamp":"2025-02-14T03:07:08.080Z"}
{"level":"info","message":{"body":{},"method":"OPTIONS","url":"/api/orders?page=1&perPage=10"},"timestamp":"2025-02-14T03:07:08.082Z"}
{"level":"info","message":{"body":{},"method":"GET","url":"/api/orders?page=1&perPage=10"},"timestamp":"2025-02-14T03:07:08.085Z"}
{"level":"info","message":{"body":{},"method":"GET","url":"/api/orders?page=1&perPage=10"},"timestamp":"2025-02-14T03:07:08.659Z"}
{"level":"info","message":{"body":{},"method":"OPTIONS","url":"/api/products?page=1&perPage=10"},"timestamp":"2025-02-14T03:15:31.758Z"}
{"level":"info","message":{"body":{},"method":"GET","url":"/api/products?page=1&perPage=10"},"timestamp":"2025-02-14T03:15:31.767Z"}
{"level":"info","message":{"body":{},"method":"GET","url":"/api/products?page=1&perPage=10"},"timestamp":"2025-02-14T03:15:34.017Z"}
{"level":"info","message":{"body":{},"method":"OPTIONS","url":"/api/categories"},"timestamp":"2025-02-14T03:15:39.685Z"}
{"level":"info","message":{"body":{},"method":"OPTIONS","url":"/api/products/67ac7533531ab5218319e479"},"timestamp":"2025-02-14T03:15:39.688Z"}
{"level":"info","message":{"body":{},"method":"OPTIONS","url":"/api/categories"},"timestamp":"2025-02-14T03:15:39.690Z"}
{"level":"info","message":{"body":{},"method":"OPTIONS","url":"/api/products/67ac7533531ab5218319e479"},"timestamp":"2025-02-14T03:15:39.692Z"}
{"level":"info","message":{"body":{},"method":"GET","url":"/api/categories"},"timestamp":"2025-02-14T03:15:39.696Z"}
{"level":"info","message":{"body":{},"method":"GET","url":"/api/products/67ac7533531ab5218319e479"},"timestamp":"2025-02-14T03:15:39.700Z"}
{"level":"info","message":{"body":{},"method":"GET","url":"/api/categories"},"timestamp":"2025-02-14T03:15:43.258Z"}
{"level":"info","message":{"body":{},"method":"GET","url":"/api/products/67ac7533531ab5218319e479"},"timestamp":"2025-02-14T03:15:43.844Z"}
{"level":"info","message":{"body":{},"method":"OPTIONS","url":"/api/products?page=1&perPage=10"},"timestamp":"2025-02-14T03:16:33.542Z"}
{"level":"info","message":{"body":{},"method":"OPTIONS","url":"/api/products?page=1&perPage=10"},"timestamp":"2025-02-14T03:16:33.545Z"}
{"level":"info","message":{"body":{},"method":"GET","url":"/api/products?page=1&perPage=10"},"timestamp":"2025-02-14T03:16:33.547Z"}
{"level":"info","message":{"body":{},"method":"GET","url":"/api/products?page=1&perPage=10"},"timestamp":"2025-02-14T03:16:36.021Z"}
{"level":"info","message":{"body":{},"method":"OPTIONS","url":"/api/categories"},"timestamp":"2025-02-14T03:16:40.399Z"}
{"level":"info","message":{"body":{},"method":"OPTIONS","url":"/api/products/67ac7533531ab5218319e479"},"timestamp":"2025-02-14T03:16:40.402Z"}
{"level":"info","message":{"body":{},"method":"OPTIONS","url":"/api/categories"},"timestamp":"2025-02-14T03:16:40.404Z"}
{"level":"info","message":{"body":{},"method":"OPTIONS","url":"/api/products/67ac7533531ab5218319e479"},"timestamp":"2025-02-14T03:16:40.405Z"}
{"level":"info","message":{"body":{},"method":"GET","url":"/api/categories"},"timestamp":"2025-02-14T03:16:40.407Z"}
{"level":"info","message":{"body":{},"method":"GET","url":"/api/products/67ac7533531ab5218319e479"},"timestamp":"2025-02-14T03:16:40.410Z"}
{"level":"info","message":{"body":{},"method":"GET","url":"/api/products/67ac7533531ab5218319e479"},"timestamp":"2025-02-14T03:16:40.743Z"}
{"level":"info","message":{"body":{},"method":"GET","url":"/api/categories"},"timestamp":"2025-02-14T03:16:41.950Z"}
{"level":"info","message":{"body":{},"method":"OPTIONS","url":"/api/products?page=1&perPage=10"},"timestamp":"2025-02-14T03:16:48.840Z"}
{"level":"info","message":{"body":{},"method":"OPTIONS","url":"/api/products?page=1&perPage=10"},"timestamp":"2025-02-14T03:16:48.845Z"}
{"level":"info","message":{"body":{},"method":"GET","url":"/api/products?page=1&perPage=10"},"timestamp":"2025-02-14T03:16:48.847Z"}
{"level":"info","message":{"body":{},"method":"GET","url":"/api/products?page=1&perPage=10"},"timestamp":"2025-02-14T03:16:49.764Z"}
{"level":"info","message":{"body":{},"method":"OPTIONS","url":"/api/categories"},"timestamp":"2025-02-14T03:16:56.244Z"}
{"level":"info","message":{"body":{},"method":"OPTIONS","url":"/api/products/67ac671a531ab5218319e3f3"},"timestamp":"2025-02-14T03:16:56.248Z"}
{"level":"info","message":{"body":{},"method":"OPTIONS","url":"/api/products/67ac671a531ab5218319e3f3"},"timestamp":"2025-02-14T03:16:56.257Z"}
{"level":"info","message":{"body":{},"method":"OPTIONS","url":"/api/categories"},"timestamp":"2025-02-14T03:16:56.263Z"}
{"level":"info","message":{"body":{},"method":"GET","url":"/api/products/67ac671a531ab5218319e3f3"},"timestamp":"2025-02-14T03:16:56.269Z"}
{"level":"info","message":{"body":{},"method":"GET","url":"/api/categories"},"timestamp":"2025-02-14T03:16:56.278Z"}
{"level":"info","message":{"body":{},"method":"GET","url":"/api/products/67ac671a531ab5218319e3f3"},"timestamp":"2025-02-14T03:16:56.677Z"}
{"level":"info","message":{"body":{},"method":"GET","url":"/api/categories"},"timestamp":"2025-02-14T03:16:57.318Z"}
{"level":"info","message":{"body":{},"method":"OPTIONS","url":"/api/categories/getall?page=1&perPage=10&isAdmin=true"},"timestamp":"2025-02-14T03:20:44.014Z"}
{"level":"info","message":{"body":{},"method":"GET","url":"/api/categories/getall?page=1&perPage=10&isAdmin=true"},"timestamp":"2025-02-14T03:20:44.017Z"}
{"level":"error","message":"Error: Cast to ObjectId failed for value \"getall\" (type string) at path \"_id\" for model \"Category\"","stack":"CastError: Cast to ObjectId failed for value \"getall\" (type string) at path \"_id\" for model \"Category\"\n    at SchemaObjectId.cast (D:\\Project\\ecmommerce\\ecommerce_backend\\node_modules\\mongoose\\lib\\schema\\objectId.js:250:11)\n    at SchemaType.applySetters (D:\\Project\\ecmommerce\\ecommerce_backend\\node_modules\\mongoose\\lib\\schemaType.js:1236:12)\n    at SchemaType.castForQuery (D:\\Project\\ecmommerce\\ecommerce_backend\\node_modules\\mongoose\\lib\\schemaType.js:1653:17)\n    at cast (D:\\Project\\ecmommerce\\ecommerce_backend\\node_modules\\mongoose\\lib\\cast.js:379:32)\n    at Query.cast (D:\\Project\\ecmommerce\\ecommerce_backend\\node_modules\\mongoose\\lib\\query.js:4868:12)\n    at Query._castConditions (D:\\Project\\ecmommerce\\ecommerce_backend\\node_modules\\mongoose\\lib\\query.js:2265:10)\n    at model.Query._findOne (D:\\Project\\ecmommerce\\ecommerce_backend\\node_modules\\mongoose\\lib\\query.js:2589:8)\n    at model.Query.exec (D:\\Project\\ecmommerce\\ecommerce_backend\\node_modules\\mongoose\\lib\\query.js:4412:80)\n    at process.processTicksAndRejections (node:internal/process/task_queues:105:5)\n    at async getById (D:\\Project\\ecmommerce\\ecommerce_backend\\dist\\controllers\\categoryController.js:46:22)","timestamp":"2025-02-14T03:20:44.021Z"}
{"level":"info","message":{"body":{},"method":"GET","url":"/api/categories/getall?page=1&perPage=10&isAdmin=true"},"timestamp":"2025-02-14T03:20:44.027Z"}
{"level":"error","message":"Error: Cast to ObjectId failed for value \"getall\" (type string) at path \"_id\" for model \"Category\"","stack":"CastError: Cast to ObjectId failed for value \"getall\" (type string) at path \"_id\" for model \"Category\"\n    at SchemaObjectId.cast (D:\\Project\\ecmommerce\\ecommerce_backend\\node_modules\\mongoose\\lib\\schema\\objectId.js:250:11)\n    at SchemaType.applySetters (D:\\Project\\ecmommerce\\ecommerce_backend\\node_modules\\mongoose\\lib\\schemaType.js:1236:12)\n    at SchemaType.castForQuery (D:\\Project\\ecmommerce\\ecommerce_backend\\node_modules\\mongoose\\lib\\schemaType.js:1653:17)\n    at cast (D:\\Project\\ecmommerce\\ecommerce_backend\\node_modules\\mongoose\\lib\\cast.js:379:32)\n    at Query.cast (D:\\Project\\ecmommerce\\ecommerce_backend\\node_modules\\mongoose\\lib\\query.js:4868:12)\n    at Query._castConditions (D:\\Project\\ecmommerce\\ecommerce_backend\\node_modules\\mongoose\\lib\\query.js:2265:10)\n    at model.Query._findOne (D:\\Project\\ecmommerce\\ecommerce_backend\\node_modules\\mongoose\\lib\\query.js:2589:8)\n    at model.Query.exec (D:\\Project\\ecmommerce\\ecommerce_backend\\node_modules\\mongoose\\lib\\query.js:4412:80)\n    at process.processTicksAndRejections (node:internal/process/task_queues:105:5)\n    at async getById (D:\\Project\\ecmommerce\\ecommerce_backend\\dist\\controllers\\categoryController.js:46:22)","timestamp":"2025-02-14T03:20:44.029Z"}
{"level":"info","message":{"body":{},"method":"OPTIONS","url":"/api/products?page=1&perPage=10"},"timestamp":"2025-02-14T03:20:47.193Z"}
{"level":"info","message":{"body":{},"method":"GET","url":"/api/products?page=1&perPage=10"},"timestamp":"2025-02-14T03:20:47.196Z"}
{"level":"info","message":{"body":{},"method":"GET","url":"/api/products?page=1&perPage=10"},"timestamp":"2025-02-14T03:20:57.851Z"}
{"level":"info","message":{"body":{},"method":"OPTIONS","url":"/api/categories"},"timestamp":"2025-02-14T03:24:36.101Z"}
{"level":"info","message":{"body":{},"method":"GET","url":"/api/categories"},"timestamp":"2025-02-14T03:24:36.103Z"}
{"level":"info","message":{"body":{},"method":"OPTIONS","url":"/api/products/67ac7533531ab5218319e479"},"timestamp":"2025-02-14T03:24:38.978Z"}
{"level":"info","message":{"body":{},"method":"GET","url":"/api/products/67ac7533531ab5218319e479"},"timestamp":"2025-02-14T03:24:38.980Z"}
{"level":"info","message":{"body":{},"method":"GET","url":"/api/categories"},"timestamp":"2025-02-14T03:24:38.983Z"}
{"level":"info","message":{"body":{},"method":"GET","url":"/api/products/67ac7533531ab5218319e479"},"timestamp":"2025-02-14T03:24:43.715Z"}
