{"body":{},"level":"info","message":"Incoming request","method":"GET","timestamp":"2024-12-08T15:33:30.078Z","url":"/api/categories?page=1&perPage=10&search="}
{"duration":"173ms","level":"info","message":"Response sent","method":"GET","responseBody":"Success","statusCode":200,"timestamp":"2024-12-08T15:33:30.250Z","url":"/?page=1&perPage=10&search="}
{"body":{},"level":"info","message":"Incoming request","method":"GET","timestamp":"2024-12-08T16:14:20.284Z","url":"/api/categories?page=1&perPage=10&search="}
{"duration":"488ms","level":"info","message":"Response sent","method":"GET","responseBody":"Success","statusCode":200,"timestamp":"2024-12-08T16:14:20.773Z","url":"/?page=1&perPage=10&search="}
{"body":{},"level":"info","message":"Incoming request","method":"GET","timestamp":"2024-12-10T14:36:59.185Z","url":"/api/users"}
{"level":"error","message":"Error: Unauthorised","stack":"Error: Unauthorised\n    at isAuth (E:\\Project\\ecmommerce\\ecommerce_backend\\src\\middleware\\authMiddleware.ts:17:17)\n    at Layer.handle [as handle_request] (E:\\Project\\ecmommerce\\ecommerce_backend\\node_modules\\express\\lib\\router\\layer.js:95:5)\n    at next (E:\\Project\\ecmommerce\\ecommerce_backend\\node_modules\\express\\lib\\router\\route.js:149:13)\n    at Route.dispatch (E:\\Project\\ecmommerce\\ecommerce_backend\\node_modules\\express\\lib\\router\\route.js:119:3)\n    at Layer.handle [as handle_request] (E:\\Project\\ecmommerce\\ecommerce_backend\\node_modules\\express\\lib\\router\\layer.js:95:5)\n    at E:\\Project\\ecmommerce\\ecommerce_backend\\node_modules\\express\\lib\\router\\index.js:284:15\n    at Function.process_params (E:\\Project\\ecmommerce\\ecommerce_backend\\node_modules\\express\\lib\\router\\index.js:346:12)\n    at next (E:\\Project\\ecmommerce\\ecommerce_backend\\node_modules\\express\\lib\\router\\index.js:280:10)\n    at Function.handle (E:\\Project\\ecmommerce\\ecommerce_backend\\node_modules\\express\\lib\\router\\index.js:175:3)\n    at router (E:\\Project\\ecmommerce\\ecommerce_backend\\node_modules\\express\\lib\\router\\index.js:47:12)","timestamp":"2024-12-10T14:36:59.209Z"}
{"duration":"57ms","level":"info","message":"Response sent","method":"GET","responseBody":"Error response","statusCode":401,"timestamp":"2024-12-10T14:36:59.241Z","url":"/api/users"}
{"body":{"password":"123456","username":"959798630172"},"level":"info","message":"Incoming request","method":"POST","timestamp":"2024-12-10T14:39:14.732Z","url":"/api/users"}
{"duration":"3ms","level":"info","message":"Response sent","method":"POST","responseBody":"Error response","statusCode":404,"timestamp":"2024-12-10T14:39:14.735Z","url":"/api/users"}
{"body":{"password":"123456","username":"959798630172"},"level":"info","message":"Incoming request","method":"POST","timestamp":"2024-12-10T14:39:23.842Z","url":"/api/auth/users"}
{"duration":"6ms","level":"info","message":"Response sent","method":"POST","responseBody":"Error response","statusCode":404,"timestamp":"2024-12-10T14:39:23.848Z","url":"/api/auth/users"}
{"body":{"password":"123456","phone":"959798630172"},"level":"info","message":"Incoming request","method":"POST","timestamp":"2024-12-10T14:39:31.691Z","url":"/api/auth/users"}
{"duration":"4ms","level":"info","message":"Response sent","method":"POST","responseBody":"Error response","statusCode":404,"timestamp":"2024-12-10T14:39:31.695Z","url":"/api/auth/users"}
{"body":{"password":"123456","phone":"959798630172"},"level":"info","message":"Incoming request","method":"POST","timestamp":"2024-12-10T14:39:38.655Z","url":"/api/auth/login"}
{"duration":"194ms","level":"info","message":"Response sent","method":"POST","responseBody":"Success","statusCode":200,"timestamp":"2024-12-10T14:39:38.849Z","url":"/login"}
{"body":{},"level":"info","message":"Incoming request","method":"GET","timestamp":"2024-12-10T14:40:02.853Z","url":"/api/users"}
{"duration":"243ms","level":"info","message":"Response sent","method":"GET","responseBody":"Success","statusCode":200,"timestamp":"2024-12-10T14:40:03.096Z","url":"/"}
{"body":{},"level":"info","message":"Incoming request","method":"GET","timestamp":"2024-12-10T14:58:56.249Z","url":"/api/users"}
{"duration":"246ms","level":"info","message":"Response sent","method":"GET","responseBody":"Success","statusCode":200,"timestamp":"2024-12-10T14:58:56.494Z","url":"/"}
{"body":{},"level":"info","message":"Incoming request","method":"DELETE","timestamp":"2024-12-10T14:59:22.856Z","url":"/api/users/674553a925c5bbd75d22e026"}
{"duration":"8ms","level":"info","message":"Response sent","method":"DELETE","responseBody":"Error response","statusCode":404,"timestamp":"2024-12-10T14:59:22.863Z","url":"/api/users/674553a925c5bbd75d22e026"}
{"body":{},"level":"info","message":"Incoming request","method":"DELETE","timestamp":"2024-12-10T14:59:32.890Z","url":"/api/users:674553a925c5bbd75d22e026"}
{"duration":"3ms","level":"info","message":"Response sent","method":"DELETE","responseBody":"Error response","statusCode":404,"timestamp":"2024-12-10T14:59:32.893Z","url":"/api/users:674553a925c5bbd75d22e026"}
{"body":{},"level":"info","message":"Incoming request","method":"DELETE","timestamp":"2024-12-10T14:59:39.590Z","url":"/api/users/:674553a925c5bbd75d22e026"}
{"duration":"3ms","level":"info","message":"Response sent","method":"DELETE","responseBody":"Error response","statusCode":404,"timestamp":"2024-12-10T14:59:39.593Z","url":"/api/users/:674553a925c5bbd75d22e026"}
{"body":{},"level":"info","message":"Incoming request","method":"DELETE","timestamp":"2024-12-10T15:00:07.134Z","url":"/api/users/:674553a925c5bbd75d22e026"}
{"duration":"4ms","level":"info","message":"Response sent","method":"DELETE","responseBody":"Error response","statusCode":404,"timestamp":"2024-12-10T15:00:07.138Z","url":"/api/users/:674553a925c5bbd75d22e026"}
{"body":{"email":"thantzinlin1995@gmail.com","password":"User@123","phone":"959798630172","username":"Thant zin Lin"},"level":"info","message":"Incoming request","method":"POST","timestamp":"2024-12-10T15:12:02.440Z","url":"/api/auth/register"}
{"level":"error","message":"Error: Users validation failed: role: Path `role` is required.","stack":"ValidationError: Users validation failed: role: Path `role` is required.\n    at model.Document.invalidate (E:\\Project\\ecmommerce\\ecommerce_backend\\node_modules\\mongoose\\lib\\document.js:3312:32)\n    at E:\\Project\\ecmommerce\\ecommerce_backend\\node_modules\\mongoose\\lib\\document.js:3073:17\n    at E:\\Project\\ecmommerce\\ecommerce_backend\\node_modules\\mongoose\\lib\\schemaType.js:1388:9\n    at processTicksAndRejections (node:internal/process/task_queues:77:11)","timestamp":"2024-12-10T15:12:02.650Z"}
{"duration":"224ms","level":"info","message":"Response sent","method":"POST","responseBody":"Error response","statusCode":500,"timestamp":"2024-12-10T15:12:02.663Z","url":"/api/auth/register"}
{"body":{"email":"thantzinlin1995@gmail.com","password":"User@123","phone":"959798630172","username":"Thant zin Lin"},"level":"info","message":"Incoming request","method":"POST","timestamp":"2024-12-10T15:12:30.223Z","url":"/api/auth/register"}
{"duration":"173ms","level":"info","message":"Response sent","method":"POST","responseBody":"Success","statusCode":201,"timestamp":"2024-12-10T15:12:30.395Z","url":"/register"}
{"level":"error","message":"Error: Expected double-quoted property name in JSON at position 304","stack":"SyntaxError: Expected double-quoted property name in JSON at position 304\n    at JSON.parse (<anonymous>)\n    at parse (E:\\Project\\ecmommerce\\ecommerce_backend\\node_modules\\body-parser\\lib\\types\\json.js:92:19)\n    at E:\\Project\\ecmommerce\\ecommerce_backend\\node_modules\\body-parser\\lib\\read.js:128:18\n    at AsyncResource.runInAsyncScope (node:async_hooks:206:9)\n    at invokeCallback (E:\\Project\\ecmommerce\\ecommerce_backend\\node_modules\\raw-body\\index.js:238:16)\n    at done (E:\\Project\\ecmommerce\\ecommerce_backend\\node_modules\\raw-body\\index.js:227:7)\n    at IncomingMessage.onEnd (E:\\Project\\ecmommerce\\ecommerce_backend\\node_modules\\raw-body\\index.js:287:7)\n    at IncomingMessage.emit (node:events:518:28)\n    at IncomingMessage.emit (node:domain:488:12)\n    at endReadableNT (node:internal/streams/readable:1696:12)","timestamp":"2024-12-10T15:14:48.599Z"}
{"level":"error","message":"Error: Expected double-quoted property name in JSON at position 276","stack":"SyntaxError: Expected double-quoted property name in JSON at position 276\n    at JSON.parse (<anonymous>)\n    at parse (E:\\Project\\ecmommerce\\ecommerce_backend\\node_modules\\body-parser\\lib\\types\\json.js:92:19)\n    at E:\\Project\\ecmommerce\\ecommerce_backend\\node_modules\\body-parser\\lib\\read.js:128:18\n    at AsyncResource.runInAsyncScope (node:async_hooks:206:9)\n    at invokeCallback (E:\\Project\\ecmommerce\\ecommerce_backend\\node_modules\\raw-body\\index.js:238:16)\n    at done (E:\\Project\\ecmommerce\\ecommerce_backend\\node_modules\\raw-body\\index.js:227:7)\n    at IncomingMessage.onEnd (E:\\Project\\ecmommerce\\ecommerce_backend\\node_modules\\raw-body\\index.js:287:7)\n    at IncomingMessage.emit (node:events:518:28)\n    at IncomingMessage.emit (node:domain:488:12)\n    at endReadableNT (node:internal/streams/readable:1696:12)","timestamp":"2024-12-10T15:15:16.375Z"}
{"body":{"address":{"city":"Yangon","postalCode":"11011","street":"Yangon Street","township":"Mayangone"},"email":"thantzinlin1996@gmail.com","password":"User@123","phone":"959798630171","username":"Thant zin Lin 1"},"level":"info","message":"Incoming request","method":"POST","timestamp":"2024-12-10T15:15:24.247Z","url":"/api/auth/register"}
{"duration":"168ms","level":"info","message":"Response sent","method":"POST","responseBody":"Success","statusCode":201,"timestamp":"2024-12-10T15:15:24.415Z","url":"/register"}
{"body":{"address":{"city":"Yangon","postalCode":"11011","street":"Build 111, 4 th floor , Banyar Dala Street near shin pargu hospital","township":"Tamwe"},"email":"thantzinlin1997@gmail.com","password":"User@123","phone":"959798630170","username":"Thant zin Lin 2"},"level":"info","message":"Incoming request","method":"POST","timestamp":"2024-12-10T15:30:19.598Z","url":"/api/auth/register"}
{"duration":"474ms","level":"info","message":"Response sent","method":"POST","responseBody":"Success","statusCode":201,"timestamp":"2024-12-10T15:30:20.072Z","url":"/register"}
{"body":{},"level":"info","message":"Incoming request","method":"OPTIONS","timestamp":"2024-12-11T15:30:27.393Z","url":"/api/categories?page=1&perPage=10"}
{"duration":"8ms","level":"info","message":"Response sent","method":"OPTIONS","responseBody":"Success","statusCode":204,"timestamp":"2024-12-11T15:30:27.401Z","url":"/api/categories?page=1&perPage=10"}
{"body":{},"level":"info","message":"Incoming request","method":"GET","timestamp":"2024-12-11T15:30:27.403Z","url":"/api/categories?page=1&perPage=10"}
{"body":{},"level":"info","message":"Incoming request","method":"OPTIONS","timestamp":"2024-12-11T15:30:27.411Z","url":"/api/categories?page=1&perPage=10"}
{"duration":"2ms","level":"info","message":"Response sent","method":"OPTIONS","responseBody":"Success","statusCode":204,"timestamp":"2024-12-11T15:30:27.413Z","url":"/api/categories?page=1&perPage=10"}
{"duration":"110ms","level":"info","message":"Response sent","method":"GET","responseBody":"Success","statusCode":200,"timestamp":"2024-12-11T15:30:27.513Z","url":"/?page=1&perPage=10"}
{"body":{},"level":"info","message":"Incoming request","method":"GET","timestamp":"2024-12-11T15:30:27.516Z","url":"/api/categories?page=1&perPage=10"}
{"duration":"102ms","level":"info","message":"Response sent","method":"GET","responseBody":"Success","statusCode":304,"timestamp":"2024-12-11T15:30:27.618Z","url":"/?page=1&perPage=10"}
{"body":{},"level":"info","message":"Incoming request","method":"OPTIONS","timestamp":"2024-12-11T15:30:28.952Z","url":"/api/products?page=1&perPage=10"}
{"duration":"1ms","level":"info","message":"Response sent","method":"OPTIONS","responseBody":"Success","statusCode":204,"timestamp":"2024-12-11T15:30:28.953Z","url":"/api/products?page=1&perPage=10"}
{"body":{},"level":"info","message":"Incoming request","method":"GET","timestamp":"2024-12-11T15:30:28.954Z","url":"/api/products?page=1&perPage=10"}
{"body":{},"level":"info","message":"Incoming request","method":"OPTIONS","timestamp":"2024-12-11T15:30:28.957Z","url":"/api/products?page=1&perPage=10"}
{"duration":"1ms","level":"info","message":"Response sent","method":"OPTIONS","responseBody":"Success","statusCode":204,"timestamp":"2024-12-11T15:30:28.958Z","url":"/api/products?page=1&perPage=10"}
{"duration":"98ms","level":"info","message":"Response sent","method":"GET","responseBody":"Success","statusCode":200,"timestamp":"2024-12-11T15:30:29.052Z","url":"/?page=1&perPage=10"}
{"body":{},"level":"info","message":"Incoming request","method":"GET","timestamp":"2024-12-11T15:30:29.054Z","url":"/api/products?page=1&perPage=10"}
{"duration":"98ms","level":"info","message":"Response sent","method":"GET","responseBody":"Success","statusCode":304,"timestamp":"2024-12-11T15:30:29.152Z","url":"/?page=1&perPage=10"}
{"body":{},"level":"info","message":"Incoming request","method":"OPTIONS","timestamp":"2024-12-11T15:30:32.724Z","url":"/api/categories?page=1&perPage=10"}
{"duration":"2ms","level":"info","message":"Response sent","method":"OPTIONS","responseBody":"Success","statusCode":204,"timestamp":"2024-12-11T15:30:32.726Z","url":"/api/categories?page=1&perPage=10"}
{"body":{},"level":"info","message":"Incoming request","method":"GET","timestamp":"2024-12-11T15:30:32.727Z","url":"/api/categories?page=1&perPage=10"}
{"body":{},"level":"info","message":"Incoming request","method":"OPTIONS","timestamp":"2024-12-11T15:30:32.730Z","url":"/api/categories?page=1&perPage=10"}
{"duration":"1ms","level":"info","message":"Response sent","method":"OPTIONS","responseBody":"Success","statusCode":204,"timestamp":"2024-12-11T15:30:32.731Z","url":"/api/categories?page=1&perPage=10"}
{"duration":"101ms","level":"info","message":"Response sent","method":"GET","responseBody":"Success","statusCode":304,"timestamp":"2024-12-11T15:30:32.828Z","url":"/?page=1&perPage=10"}
{"body":{},"level":"info","message":"Incoming request","method":"GET","timestamp":"2024-12-11T15:30:32.830Z","url":"/api/categories?page=1&perPage=10"}
{"duration":"98ms","level":"info","message":"Response sent","method":"GET","responseBody":"Success","statusCode":304,"timestamp":"2024-12-11T15:30:32.928Z","url":"/?page=1&perPage=10"}
{"body":{},"level":"info","message":"Incoming request","method":"OPTIONS","timestamp":"2024-12-11T15:30:37.856Z","url":"/api/categories?page=1&perPage=10"}
{"duration":"2ms","level":"info","message":"Response sent","method":"OPTIONS","responseBody":"Success","statusCode":204,"timestamp":"2024-12-11T15:30:37.858Z","url":"/api/categories?page=1&perPage=10"}
{"body":{},"level":"info","message":"Incoming request","method":"OPTIONS","timestamp":"2024-12-11T15:30:37.860Z","url":"/api/categories?page=1&perPage=10"}
{"duration":"2ms","level":"info","message":"Response sent","method":"OPTIONS","responseBody":"Success","statusCode":204,"timestamp":"2024-12-11T15:30:37.862Z","url":"/api/categories?page=1&perPage=10"}
{"body":{},"level":"info","message":"Incoming request","method":"GET","timestamp":"2024-12-11T15:30:37.867Z","url":"/api/categories?page=1&perPage=10"}
{"duration":"96ms","level":"info","message":"Response sent","method":"GET","responseBody":"Success","statusCode":304,"timestamp":"2024-12-11T15:30:37.963Z","url":"/?page=1&perPage=10"}
{"body":{},"level":"info","message":"Incoming request","method":"GET","timestamp":"2024-12-11T15:30:37.965Z","url":"/api/categories?page=1&perPage=10"}
{"duration":"128ms","level":"info","message":"Response sent","method":"GET","responseBody":"Success","statusCode":304,"timestamp":"2024-12-11T15:30:38.093Z","url":"/?page=1&perPage=10"}
{"body":{},"level":"info","message":"Incoming request","method":"OPTIONS","timestamp":"2024-12-11T15:31:13.863Z","url":"/api/categories?page=1&perPage=10"}
{"duration":"3ms","level":"info","message":"Response sent","method":"OPTIONS","responseBody":"Success","statusCode":204,"timestamp":"2024-12-11T15:31:13.866Z","url":"/api/categories?page=1&perPage=10"}
{"body":{},"level":"info","message":"Incoming request","method":"OPTIONS","timestamp":"2024-12-11T15:31:13.867Z","url":"/api/categories?page=1&perPage=10"}
{"duration":"2ms","level":"info","message":"Response sent","method":"OPTIONS","responseBody":"Success","statusCode":204,"timestamp":"2024-12-11T15:31:13.869Z","url":"/api/categories?page=1&perPage=10"}
{"body":{},"level":"info","message":"Incoming request","method":"GET","timestamp":"2024-12-11T15:31:13.871Z","url":"/api/categories?page=1&perPage=10"}
{"duration":"108ms","level":"info","message":"Response sent","method":"GET","responseBody":"Success","statusCode":304,"timestamp":"2024-12-11T15:31:13.979Z","url":"/?page=1&perPage=10"}
{"body":{},"level":"info","message":"Incoming request","method":"GET","timestamp":"2024-12-11T15:31:13.983Z","url":"/api/categories?page=1&perPage=10"}
{"duration":"103ms","level":"info","message":"Response sent","method":"GET","responseBody":"Success","statusCode":304,"timestamp":"2024-12-11T15:31:14.087Z","url":"/?page=1&perPage=10"}
{"body":{},"level":"info","message":"Incoming request","method":"OPTIONS","timestamp":"2024-12-11T15:46:42.236Z","url":"/api/categories?page=1&perPage=10"}
{"duration":"10ms","level":"info","message":"Response sent","method":"OPTIONS","responseBody":"Success","statusCode":204,"timestamp":"2024-12-11T15:46:42.245Z","url":"/api/categories?page=1&perPage=10"}
{"body":{},"level":"info","message":"Incoming request","method":"GET","timestamp":"2024-12-11T15:46:42.248Z","url":"/api/categories?page=1&perPage=10"}
{"body":{},"level":"info","message":"Incoming request","method":"OPTIONS","timestamp":"2024-12-11T15:46:42.260Z","url":"/api/categories?page=1&perPage=10"}
{"duration":"3ms","level":"info","message":"Response sent","method":"OPTIONS","responseBody":"Success","statusCode":204,"timestamp":"2024-12-11T15:46:42.263Z","url":"/api/categories?page=1&perPage=10"}
{"duration":"222ms","level":"info","message":"Response sent","method":"GET","responseBody":"Success","statusCode":200,"timestamp":"2024-12-11T15:46:42.470Z","url":"/?page=1&perPage=10"}
{"body":{},"level":"info","message":"Incoming request","method":"GET","timestamp":"2024-12-11T15:46:42.471Z","url":"/api/categories?page=1&perPage=10"}
{"duration":"197ms","level":"info","message":"Response sent","method":"GET","responseBody":"Success","statusCode":304,"timestamp":"2024-12-11T15:46:42.668Z","url":"/?page=1&perPage=10"}
{"body":{},"level":"info","message":"Incoming request","method":"OPTIONS","timestamp":"2024-12-11T15:48:08.462Z","url":"/api/categories?page=1&perPage=10"}
{"duration":"8ms","level":"info","message":"Response sent","method":"OPTIONS","responseBody":"Success","statusCode":204,"timestamp":"2024-12-11T15:48:08.470Z","url":"/api/categories?page=1&perPage=10"}
{"body":{},"level":"info","message":"Incoming request","method":"OPTIONS","timestamp":"2024-12-11T15:48:08.474Z","url":"/api/categories?page=1&perPage=10"}
{"duration":"1ms","level":"info","message":"Response sent","method":"OPTIONS","responseBody":"Success","statusCode":204,"timestamp":"2024-12-11T15:48:08.475Z","url":"/api/categories?page=1&perPage=10"}
{"body":{},"level":"info","message":"Incoming request","method":"GET","timestamp":"2024-12-11T15:48:08.477Z","url":"/api/categories?page=1&perPage=10"}
{"duration":"216ms","level":"info","message":"Response sent","method":"GET","responseBody":"Success","statusCode":304,"timestamp":"2024-12-11T15:48:08.693Z","url":"/?page=1&perPage=10"}
{"body":{},"level":"info","message":"Incoming request","method":"GET","timestamp":"2024-12-11T15:48:08.695Z","url":"/api/categories?page=1&perPage=10"}
{"duration":"192ms","level":"info","message":"Response sent","method":"GET","responseBody":"Success","statusCode":304,"timestamp":"2024-12-11T15:48:08.886Z","url":"/?page=1&perPage=10"}
{"body":{},"level":"info","message":"Incoming request","method":"OPTIONS","timestamp":"2024-12-11T15:48:19.271Z","url":"/api/categories?page=1&perPage=10"}
{"duration":"2ms","level":"info","message":"Response sent","method":"OPTIONS","responseBody":"Success","statusCode":204,"timestamp":"2024-12-11T15:48:19.273Z","url":"/api/categories?page=1&perPage=10"}
{"body":{},"level":"info","message":"Incoming request","method":"OPTIONS","timestamp":"2024-12-11T15:48:19.275Z","url":"/api/categories?page=1&perPage=10"}
{"duration":"1ms","level":"info","message":"Response sent","method":"OPTIONS","responseBody":"Success","statusCode":204,"timestamp":"2024-12-11T15:48:19.276Z","url":"/api/categories?page=1&perPage=10"}
{"body":{},"level":"info","message":"Incoming request","method":"GET","timestamp":"2024-12-11T15:48:19.281Z","url":"/api/categories?page=1&perPage=10"}
{"duration":"200ms","level":"info","message":"Response sent","method":"GET","responseBody":"Success","statusCode":304,"timestamp":"2024-12-11T15:48:19.481Z","url":"/?page=1&perPage=10"}
{"body":{},"level":"info","message":"Incoming request","method":"GET","timestamp":"2024-12-11T15:48:19.484Z","url":"/api/categories?page=1&perPage=10"}
{"duration":"193ms","level":"info","message":"Response sent","method":"GET","responseBody":"Success","statusCode":304,"timestamp":"2024-12-11T15:48:19.677Z","url":"/?page=1&perPage=10"}
{"body":{},"level":"info","message":"Incoming request","method":"OPTIONS","timestamp":"2024-12-11T15:49:03.568Z","url":"/api/categories?page=1&perPage=10"}
{"duration":"8ms","level":"info","message":"Response sent","method":"OPTIONS","responseBody":"Success","statusCode":204,"timestamp":"2024-12-11T15:49:03.576Z","url":"/api/categories?page=1&perPage=10"}
{"body":{},"level":"info","message":"Incoming request","method":"OPTIONS","timestamp":"2024-12-11T15:49:03.580Z","url":"/api/categories?page=1&perPage=10"}
{"duration":"2ms","level":"info","message":"Response sent","method":"OPTIONS","responseBody":"Success","statusCode":204,"timestamp":"2024-12-11T15:49:03.581Z","url":"/api/categories?page=1&perPage=10"}
{"body":{},"level":"info","message":"Incoming request","method":"GET","timestamp":"2024-12-11T15:49:03.584Z","url":"/api/categories?page=1&perPage=10"}
{"duration":"224ms","level":"info","message":"Response sent","method":"GET","responseBody":"Success","statusCode":200,"timestamp":"2024-12-11T15:49:03.808Z","url":"/?page=1&perPage=10"}
{"body":{},"level":"info","message":"Incoming request","method":"GET","timestamp":"2024-12-11T15:49:03.811Z","url":"/api/categories?page=1&perPage=10"}
{"duration":"198ms","level":"info","message":"Response sent","method":"GET","responseBody":"Success","statusCode":304,"timestamp":"2024-12-11T15:49:04.009Z","url":"/?page=1&perPage=10"}
{"body":{},"level":"info","message":"Incoming request","method":"OPTIONS","timestamp":"2024-12-11T15:50:07.495Z","url":"/api/categories?page=1&perPage=10"}
{"duration":"1ms","level":"info","message":"Response sent","method":"OPTIONS","responseBody":"Success","statusCode":204,"timestamp":"2024-12-11T15:50:07.496Z","url":"/api/categories?page=1&perPage=10"}
{"body":{},"level":"info","message":"Incoming request","method":"OPTIONS","timestamp":"2024-12-11T15:50:07.498Z","url":"/api/categories?page=1&perPage=10"}
{"duration":"2ms","level":"info","message":"Response sent","method":"OPTIONS","responseBody":"Success","statusCode":204,"timestamp":"2024-12-11T15:50:07.500Z","url":"/api/categories?page=1&perPage=10"}
{"body":{},"level":"info","message":"Incoming request","method":"GET","timestamp":"2024-12-11T15:50:07.505Z","url":"/api/categories?page=1&perPage=10"}
{"duration":"202ms","level":"info","message":"Response sent","method":"GET","responseBody":"Success","statusCode":304,"timestamp":"2024-12-11T15:50:07.707Z","url":"/?page=1&perPage=10"}
{"body":{},"level":"info","message":"Incoming request","method":"GET","timestamp":"2024-12-11T15:50:07.709Z","url":"/api/categories?page=1&perPage=10"}
{"duration":"200ms","level":"info","message":"Response sent","method":"GET","responseBody":"Success","statusCode":304,"timestamp":"2024-12-11T15:50:07.909Z","url":"/?page=1&perPage=10"}
{"body":{},"level":"info","message":"Incoming request","method":"OPTIONS","timestamp":"2024-12-11T15:50:16.927Z","url":"/api/categories?page=1&perPage=10"}
{"duration":"1ms","level":"info","message":"Response sent","method":"OPTIONS","responseBody":"Success","statusCode":204,"timestamp":"2024-12-11T15:50:16.928Z","url":"/api/categories?page=1&perPage=10"}
{"body":{},"level":"info","message":"Incoming request","method":"OPTIONS","timestamp":"2024-12-11T15:50:16.931Z","url":"/api/categories?page=1&perPage=10"}
{"duration":"2ms","level":"info","message":"Response sent","method":"OPTIONS","responseBody":"Success","statusCode":204,"timestamp":"2024-12-11T15:50:16.933Z","url":"/api/categories?page=1&perPage=10"}
{"body":{},"level":"info","message":"Incoming request","method":"GET","timestamp":"2024-12-11T15:50:16.935Z","url":"/api/categories?page=1&perPage=10"}
{"duration":"199ms","level":"info","message":"Response sent","method":"GET","responseBody":"Success","statusCode":304,"timestamp":"2024-12-11T15:50:17.134Z","url":"/?page=1&perPage=10"}
{"body":{},"level":"info","message":"Incoming request","method":"GET","timestamp":"2024-12-11T15:50:17.135Z","url":"/api/categories?page=1&perPage=10"}
{"duration":"190ms","level":"info","message":"Response sent","method":"GET","responseBody":"Success","statusCode":304,"timestamp":"2024-12-11T15:50:17.325Z","url":"/?page=1&perPage=10"}
{"body":{},"level":"info","message":"Incoming request","method":"OPTIONS","timestamp":"2024-12-11T15:51:48.029Z","url":"/api/categories?page=1&perPage=10&isAdmin=true"}
{"duration":"2ms","level":"info","message":"Response sent","method":"OPTIONS","responseBody":"Success","statusCode":204,"timestamp":"2024-12-11T15:51:48.031Z","url":"/api/categories?page=1&perPage=10&isAdmin=true"}
{"body":{},"level":"info","message":"Incoming request","method":"OPTIONS","timestamp":"2024-12-11T15:51:48.033Z","url":"/api/categories?page=1&perPage=10&isAdmin=true"}
{"duration":"2ms","level":"info","message":"Response sent","method":"OPTIONS","responseBody":"Success","statusCode":204,"timestamp":"2024-12-11T15:51:48.035Z","url":"/api/categories?page=1&perPage=10&isAdmin=true"}
{"body":{},"level":"info","message":"Incoming request","method":"GET","timestamp":"2024-12-11T15:51:48.036Z","url":"/api/categories?page=1&perPage=10&isAdmin=true"}
{"duration":"210ms","level":"info","message":"Response sent","method":"GET","responseBody":"Success","statusCode":200,"timestamp":"2024-12-11T15:51:48.246Z","url":"/?page=1&perPage=10&isAdmin=true"}
{"body":{},"level":"info","message":"Incoming request","method":"GET","timestamp":"2024-12-11T15:51:48.248Z","url":"/api/categories?page=1&perPage=10&isAdmin=true"}
{"duration":"240ms","level":"info","message":"Response sent","method":"GET","responseBody":"Success","statusCode":304,"timestamp":"2024-12-11T15:51:48.488Z","url":"/?page=1&perPage=10&isAdmin=true"}
{"body":{},"level":"info","message":"Incoming request","method":"OPTIONS","timestamp":"2024-12-11T15:52:00.208Z","url":"/api/categories?page=1&perPage=10&isAdmin=true"}
{"duration":"2ms","level":"info","message":"Response sent","method":"OPTIONS","responseBody":"Success","statusCode":204,"timestamp":"2024-12-11T15:52:00.210Z","url":"/api/categories?page=1&perPage=10&isAdmin=true"}
{"body":{},"level":"info","message":"Incoming request","method":"GET","timestamp":"2024-12-11T15:52:00.211Z","url":"/api/categories?page=1&perPage=10&isAdmin=true"}
{"duration":"197ms","level":"info","message":"Response sent","method":"GET","responseBody":"Success","statusCode":304,"timestamp":"2024-12-11T15:52:00.408Z","url":"/?page=1&perPage=10&isAdmin=true"}
{"body":{},"level":"info","message":"Incoming request","method":"GET","timestamp":"2024-12-11T15:52:00.409Z","url":"/api/categories?page=1&perPage=10&isAdmin=true"}
{"duration":"195ms","level":"info","message":"Response sent","method":"GET","responseBody":"Success","statusCode":304,"timestamp":"2024-12-11T15:52:00.604Z","url":"/?page=1&perPage=10&isAdmin=true"}
{"body":{},"level":"info","message":"Incoming request","method":"OPTIONS","timestamp":"2024-12-11T15:52:38.171Z","url":"/api/categories?page=1&perPage=10&isAdmin=%27true%27"}
{"duration":"1ms","level":"info","message":"Response sent","method":"OPTIONS","responseBody":"Success","statusCode":204,"timestamp":"2024-12-11T15:52:38.172Z","url":"/api/categories?page=1&perPage=10&isAdmin=%27true%27"}
{"body":{},"level":"info","message":"Incoming request","method":"GET","timestamp":"2024-12-11T15:52:38.174Z","url":"/api/categories?page=1&perPage=10&isAdmin=%27true%27"}
{"duration":"227ms","level":"info","message":"Response sent","method":"GET","responseBody":"Success","statusCode":200,"timestamp":"2024-12-11T15:52:38.401Z","url":"/?page=1&perPage=10&isAdmin=%27true%27"}
{"body":{},"level":"info","message":"Incoming request","method":"GET","timestamp":"2024-12-11T15:52:38.402Z","url":"/api/categories?page=1&perPage=10&isAdmin=%27true%27"}
{"duration":"190ms","level":"info","message":"Response sent","method":"GET","responseBody":"Success","statusCode":304,"timestamp":"2024-12-11T15:52:38.592Z","url":"/?page=1&perPage=10&isAdmin=%27true%27"}
{"body":{},"level":"info","message":"Incoming request","method":"OPTIONS","timestamp":"2024-12-11T15:58:53.839Z","url":"/api/categories?page=1&perPage=10&isAdmin=true"}
{"duration":"2ms","level":"info","message":"Response sent","method":"OPTIONS","responseBody":"Success","statusCode":204,"timestamp":"2024-12-11T15:58:53.840Z","url":"/api/categories?page=1&perPage=10&isAdmin=true"}
{"body":{},"level":"info","message":"Incoming request","method":"GET","timestamp":"2024-12-11T15:58:53.842Z","url":"/api/categories?page=1&perPage=10&isAdmin=true"}
{"duration":"557ms","level":"info","message":"Response sent","method":"GET","responseBody":"Success","statusCode":304,"timestamp":"2024-12-11T15:58:54.399Z","url":"/?page=1&perPage=10&isAdmin=true"}
{"body":{},"level":"info","message":"Incoming request","method":"GET","timestamp":"2024-12-11T15:58:54.401Z","url":"/api/categories?page=1&perPage=10&isAdmin=true"}
{"duration":"215ms","level":"info","message":"Response sent","method":"GET","responseBody":"Success","statusCode":304,"timestamp":"2024-12-11T15:58:54.616Z","url":"/?page=1&perPage=10&isAdmin=true"}
